[0m23:41:58.367294 [debug] [MainThread]: Sending event: {'category': 'dbt', 'action': 'invocation', 'label': 'start', 'context': [<snowplow_tracker.self_describing_json.SelfDescribingJson object at 0x000001F60AC2DFD0>, <snowplow_tracker.self_describing_json.SelfDescribingJson object at 0x000001F608C42490>, <snowplow_tracker.self_describing_json.SelfDescribingJson object at 0x000001F60B8C9590>]}


============================== 23:41:58.372643 | 74b51881-60f1-4ed9-9d4f-1df34eb623d3 ==============================
[0m23:41:58.372643 [info ] [MainThread]: Running with dbt=1.9.4
[0m23:41:58.373624 [debug] [MainThread]: running dbt with arguments {'printer_width': '80', 'indirect_selection': 'eager', 'write_json': 'True', 'log_cache_events': 'False', 'partial_parse': 'True', 'cache_selected_only': 'False', 'warn_error': 'None', 'fail_fast': 'False', 'version_check': 'True', 'log_path': 'logs', 'profiles_dir': 'C:\\Users\\Partidao\\.dbt', 'debug': 'False', 'use_colors': 'True', 'use_experimental_parser': 'False', 'empty': 'None', 'quiet': 'False', 'no_print': 'None', 'log_format': 'default', 'introspect': 'True', 'invocation_command': 'dbt init', 'warn_error_options': 'WarnErrorOptions(include=[], exclude=[])', 'target_path': 'None', 'static_parser': 'True', 'send_anonymous_usage_stats': 'True'}
[0m23:42:16.036792 [debug] [MainThread]: Starter project path: C:\Users\Partidao\open-dw-workshop\.venv\Lib\site-packages\dbt\include\starter_project
[0m23:42:16.065286 [info ] [MainThread]: 
Your new dbt project "dw_workshop" was created!

For more information on how to configure the profiles.yml file,
please consult the dbt documentation here:

  https://docs.getdbt.com/docs/configure-your-profile

One more thing:

Need help? Don't hesitate to reach out to us via GitHub issues or on Slack:

  https://community.getdbt.com/

Happy modeling!

[0m23:42:16.067594 [info ] [MainThread]: Setting up your profile.
[0m23:42:52.439683 [info ] [MainThread]: Profile dw_workshop written to C:\Users\Partidao\.dbt\profiles.yml using target's profile_template.yml and your supplied values. Run 'dbt debug' to validate the connection.
[0m23:42:52.441281 [debug] [MainThread]: Command `dbt init` succeeded at 23:42:52.441084 after 54.21 seconds
[0m23:42:52.441768 [debug] [MainThread]: Sending event: {'category': 'dbt', 'action': 'invocation', 'label': 'end', 'context': [<snowplow_tracker.self_describing_json.SelfDescribingJson object at 0x000001F60BE1EB10>, <snowplow_tracker.self_describing_json.SelfDescribingJson object at 0x000001F60BDFF770>, <snowplow_tracker.self_describing_json.SelfDescribingJson object at 0x000001F60BBD7460>]}
[0m23:42:52.442250 [debug] [MainThread]: Flushing usage events
[0m23:42:53.177065 [debug] [MainThread]: An error was encountered while trying to flush usage events
[0m18:40:37.425543 [debug] [MainThread]: Sending event: {'category': 'dbt', 'action': 'invocation', 'label': 'start', 'context': [<snowplow_tracker.self_describing_json.SelfDescribingJson object at 0x0000025FE9969FD0>, <snowplow_tracker.self_describing_json.SelfDescribingJson object at 0x0000025FE7982490>, <snowplow_tracker.self_describing_json.SelfDescribingJson object at 0x0000025FEA619590>]}


============================== 18:40:37.438997 | 67e62e84-4f5e-44d3-81d6-228c95420b03 ==============================
[0m18:40:37.438997 [info ] [MainThread]: Running with dbt=1.9.4
[0m18:40:37.440160 [debug] [MainThread]: running dbt with arguments {'printer_width': '80', 'indirect_selection': 'eager', 'log_cache_events': 'False', 'write_json': 'True', 'partial_parse': 'True', 'cache_selected_only': 'False', 'profiles_dir': 'C:\\Users\\Partidao\\.dbt', 'version_check': 'True', 'warn_error': 'None', 'log_path': 'logs', 'fail_fast': 'False', 'debug': 'False', 'use_colors': 'True', 'use_experimental_parser': 'False', 'no_print': 'None', 'quiet': 'False', 'empty': 'None', 'log_format': 'default', 'invocation_command': 'dbt docs generate', 'warn_error_options': 'WarnErrorOptions(include=[], exclude=[])', 'static_parser': 'True', 'target_path': 'None', 'introspect': 'True', 'send_anonymous_usage_stats': 'True'}
[0m18:40:37.440847 [error] [MainThread]: Encountered an error:
Runtime Error
  No dbt_project.yml found at expected path C:\Users\Partidao\open-dw-workshop\dbt_project.yml
  Verify that each entry within packages.yml (and their transitive dependencies) contains a file named dbt_project.yml
  
[0m18:40:37.442598 [debug] [MainThread]: Command `dbt docs generate` failed at 18:40:37.442411 after 0.40 seconds
[0m18:40:37.443516 [debug] [MainThread]: Sending event: {'category': 'dbt', 'action': 'invocation', 'label': 'end', 'context': [<snowplow_tracker.self_describing_json.SelfDescribingJson object at 0x0000025FEA9DB100>, <snowplow_tracker.self_describing_json.SelfDescribingJson object at 0x0000025FEA94B650>, <snowplow_tracker.self_describing_json.SelfDescribingJson object at 0x0000025FEA9279B0>]}
[0m18:40:37.445790 [debug] [MainThread]: Flushing usage events
[0m18:40:38.111520 [debug] [MainThread]: An error was encountered while trying to flush usage events
